0 info it worked if it ends with ok
1 verbose cli [ 'S:\\Program Files\\nodejs\\node.exe',
1 verbose cli   'S:\\Program Files\\nodejs\\node_modules\\npm\\bin\\npm-cli.js',
1 verbose cli   'start' ]
2 info using npm@3.10.8
3 info using node@v6.9.1
4 verbose run-script [ 'prestart', 'start', 'poststart' ]
5 info lifecycle ude@1.0.0~prestart: ude@1.0.0
6 silly lifecycle ude@1.0.0~prestart: no script for prestart, continuing
7 info lifecycle ude@1.0.0~start: ude@1.0.0
8 verbose lifecycle ude@1.0.0~start: unsafe-perm in lifecycle true
9 verbose lifecycle ude@1.0.0~start: PATH: S:\Program Files\nodejs\node_modules\npm\bin\node-gyp-bin;C:\Users\James\Desktop\ude\node_modules\.bin;S:\Users\James\bin;S:\Program Files (x86)\Git\mingw32\bin;S:\Program Files (x86)\Git\usr\local\bin;S:\Program Files (x86)\Git\usr\bin;S:\Program Files (x86)\Git\usr\bin;S:\Program Files (x86)\Git\mingw32\bin;S:\Program Files (x86)\Git\usr\bin;S:\Users\James\bin;S:\Program Files (x86)\Common Files\Intel\Shared Libraries\redist\intel64\compiler;S:\Program Files\Common Files\Microsoft Shared\Windows Live;S:\Program Files (x86)\Common Files\Microsoft Shared\Windows Live;S:\Python34;S:\Python34\Scripts;S:\Program Files (x86)\NVIDIA Corporation\PhysX\Common;S:\ProgramData\Oracle\Java\javapath;S:\Windows\system32;S:\Windows;S:\Windows\System32\Wbem;S:\Windows\System32\WindowsPowerShell\v1.0;S:\Program Files (x86)\Windows Kits\8.1\Windows Performance Toolkit;S:\Program Files\Microsoft SQL Server\110\Tools\Binn;S:\Program Files (x86)\Microsoft SDKs\TypeScript\1.0;S:\Program Files\Microsoft SQL Server\120\Tools\Binn;S:\Program Files (x86)\Windows Live\Shared;S:\Adb;S:\Program Files (x86)\Skype\Phone\ ;C:\ffmpeg\bin;S:\Program Files (x86)\Skype\Phone;S:\Program Files (x86)\QuickTime\QTSystem;S:\Program Files\Git\cmd;S:\Program Files\nodejs;S:\Program Files\PostgreSQL\9.6\bin;S:\Program Files (x86)\Heroku\bin;S:\Program Files (x86)\git\cmd;S:\Program Files (x86)\Git\cmd;S:\Program Files (x86)\Calibre2;C:\Users\James\AppData\Roaming\npm;S:\Program Files (x86)\Git\usr\bin\vendor_perl;S:\Program Files (x86)\Git\usr\bin\core_perl
10 verbose lifecycle ude@1.0.0~start: CWD: C:\Users\James\Desktop\ude
11 silly lifecycle ude@1.0.0~start: Args: [ '/d /s /c', 'node index.js' ]
12 silly lifecycle ude@1.0.0~start: Returned: code: 1  signal: null
13 info lifecycle ude@1.0.0~start: Failed to exec start script
14 verbose stack Error: ude@1.0.0 start: `node index.js`
14 verbose stack Exit status 1
14 verbose stack     at EventEmitter.<anonymous> (S:\Program Files\nodejs\node_modules\npm\lib\utils\lifecycle.js:255:16)
14 verbose stack     at emitTwo (events.js:106:13)
14 verbose stack     at EventEmitter.emit (events.js:191:7)
14 verbose stack     at ChildProcess.<anonymous> (S:\Program Files\nodejs\node_modules\npm\lib\utils\spawn.js:40:14)
14 verbose stack     at emitTwo (events.js:106:13)
14 verbose stack     at ChildProcess.emit (events.js:191:7)
14 verbose stack     at maybeClose (internal/child_process.js:877:16)
14 verbose stack     at Process.ChildProcess._handle.onexit (internal/child_process.js:226:5)
15 verbose pkgid ude@1.0.0
16 verbose cwd C:\Users\James\Desktop\ude
17 error Windows_NT 6.1.7601
18 error argv "S:\\Program Files\\nodejs\\node.exe" "S:\\Program Files\\nodejs\\node_modules\\npm\\bin\\npm-cli.js" "start"
19 error node v6.9.1
20 error npm  v3.10.8
21 error code ELIFECYCLE
22 error ude@1.0.0 start: `node index.js`
22 error Exit status 1
23 error Failed at the ude@1.0.0 start script 'node index.js'.
23 error Make sure you have the latest version of node.js and npm installed.
23 error If you do, this is most likely a problem with the ude package,
23 error not with npm itself.
23 error Tell the author that this fails on your system:
23 error     node index.js
23 error You can get information on how to open an issue for this project with:
23 error     npm bugs ude
23 error Or if that isn't available, you can get their info via:
23 error     npm owner ls ude
23 error There is likely additional logging output above.
24 verbose exit [ 1, true ]
